2024-11-19 19:18:46,383 - INFO - Starting the payload generation:

2024-11-19 19:18:46,401 - INFO - Processing community: Andalucía
2024-11-19 19:18:46,402 - INFO - Processing community: Aragón
2024-11-19 19:18:46,402 - INFO - Processing community: Asturias
2024-11-19 19:18:46,403 - INFO - Processing community: Baleares
2024-11-19 19:18:46,403 - INFO - Processing community: Canarias
2024-11-19 19:18:46,403 - INFO - Processing community: Cantabria
2024-11-19 19:18:46,403 - INFO - Processing community: Castilla y León
2024-11-19 19:18:46,403 - INFO - Processing community: Castilla-La Mancha
2024-11-19 19:18:46,474 - INFO - Processing community: Cataluña
2024-11-19 19:18:46,474 - INFO - Processing community: Comunidad Valenciana
2024-11-19 19:18:46,474 - INFO - Processing community: Extremadura
2024-11-19 19:18:46,474 - INFO - Processing community: Galicia
2024-11-19 19:18:46,474 - INFO - Processing community: Madrid
2024-11-19 19:18:46,478 - INFO - Processing community: Murcia
2024-11-19 19:18:46,478 - INFO - Processing community: Navarra
2024-11-19 19:18:46,478 - INFO - Processing community: País Vasco
2024-11-19 19:18:46,478 - INFO - Processing community: La Rioja
2024-11-19 19:18:46,478 - INFO - Processing community: Ceuta
2024-11-19 19:18:46,478 - INFO - Processing community: Melilla
